Analysis & Synthesis report for memoriaReg
Sun Apr 17 00:18:40 2016
Quartus II Version 9.1 Build 350 03/24/2010 Service Pack 2 SJ Web Edition


---------------------
; Table of Contents ;
---------------------
  1. Legal Notice
  2. Analysis & Synthesis Summary
  3. Analysis & Synthesis Settings
  4. Parallel Compilation
  5. Analysis & Synthesis Source Files Read
  6. Analysis & Synthesis Resource Usage Summary
  7. Analysis & Synthesis Resource Utilization by Entity
  8. Analysis & Synthesis RAM Summary
  9. General Register Statistics
 10. Source assignments for memoriareg:inst|altshift_taps:inst5_rtl_0|shift_taps_i4m:auto_generated|altsyncram_8e81:altsyncram2
 11. Parameter Settings for Inferred Entity Instance: memoriareg:inst|altshift_taps:inst5_rtl_0
 12. altshift_taps Parameter Settings by Entity Instance
 13. Analysis & Synthesis Messages



----------------
; Legal Notice ;
----------------
Copyright (C) 1991-2010 Altera Corporation
Your use of Altera Corporation's design tools, logic functions 
and other software and tools, and its AMPP partner logic 
functions, and any output files from any of the foregoing 
(including device programming or simulation files), and any 
associated documentation or information are expressly subject 
to the terms and conditions of the Altera Program License 
Subscription Agreement, Altera MegaCore Function License 
Agreement, or other applicable license agreement, including, 
without limitation, that your use is for the sole purpose of 
programming logic devices manufactured by Altera and sold by 
Altera or its authorized distributors.  Please refer to the 
applicable agreement for further details.



+------------------------------------------------------------------------------+
; Analysis & Synthesis Summary                                                 ;
+-------------------------------+----------------------------------------------+
; Analysis & Synthesis Status   ; Successful - Sun Apr 17 00:18:40 2016        ;
; Quartus II Version            ; 9.1 Build 350 03/24/2010 SP 2 SJ Web Edition ;
; Revision Name                 ; memoriaReg                                   ;
; Top-level Entity Name         ; Block1                                       ;
; Family                        ; Stratix II                                   ;
; Logic utilization             ; N/A                                          ;
;     Combinational ALUTs       ; 13                                           ;
;     Dedicated logic registers ; 10                                           ;
; Total registers               ; 10                                           ;
; Total pins                    ; 3                                            ;
; Total virtual pins            ; 0                                            ;
; Total block memory bits       ; 445                                          ;
; DSP block 9-bit elements      ; 0                                            ;
; Total PLLs                    ; 0                                            ;
; Total DLLs                    ; 0                                            ;
+-------------------------------+----------------------------------------------+


+----------------------------------------------------------------------------------------------------------------------+
; Analysis & Synthesis Settings                                                                                        ;
+----------------------------------------------------------------------------+--------------------+--------------------+
; Option                                                                     ; Setting            ; Default Value      ;
+----------------------------------------------------------------------------+--------------------+--------------------+
; Top-level entity name                                                      ; Block1             ; memoriaReg         ;
; Family name                                                                ; Stratix II         ; Stratix II         ;
; Use smart compilation                                                      ; Off                ; Off                ;
; Enable parallel Assembler and TimeQuest Timing Analyzer during compilation ; On                 ; On                 ;
; Enable compact report table                                                ; Off                ; Off                ;
; Restructure Multiplexers                                                   ; Auto               ; Auto               ;
; Create Debugging Nodes for IP Cores                                        ; Off                ; Off                ;
; Preserve fewer node names                                                  ; On                 ; On                 ;
; Disable OpenCore Plus hardware evaluation                                  ; Off                ; Off                ;
; Verilog Version                                                            ; Verilog_2001       ; Verilog_2001       ;
; VHDL Version                                                               ; VHDL_1993          ; VHDL_1993          ;
; State Machine Processing                                                   ; Auto               ; Auto               ;
; Safe State Machine                                                         ; Off                ; Off                ;
; Extract Verilog State Machines                                             ; On                 ; On                 ;
; Extract VHDL State Machines                                                ; On                 ; On                 ;
; Ignore Verilog initial constructs                                          ; Off                ; Off                ;
; Iteration limit for constant Verilog loops                                 ; 5000               ; 5000               ;
; Iteration limit for non-constant Verilog loops                             ; 250                ; 250                ;
; Add Pass-Through Logic to Inferred RAMs                                    ; On                 ; On                 ;
; Parallel Synthesis                                                         ; On                 ; On                 ;
; DSP Block Balancing                                                        ; Auto               ; Auto               ;
; NOT Gate Push-Back                                                         ; On                 ; On                 ;
; Power-Up Don't Care                                                        ; On                 ; On                 ;
; Remove Redundant Logic Cells                                               ; Off                ; Off                ;
; Remove Duplicate Registers                                                 ; On                 ; On                 ;
; Ignore CARRY Buffers                                                       ; Off                ; Off                ;
; Ignore CASCADE Buffers                                                     ; Off                ; Off                ;
; Ignore GLOBAL Buffers                                                      ; Off                ; Off                ;
; Ignore ROW GLOBAL Buffers                                                  ; Off                ; Off                ;
; Ignore LCELL Buffers                                                       ; Off                ; Off                ;
; Ignore SOFT Buffers                                                        ; On                 ; On                 ;
; Limit AHDL Integers to 32 Bits                                             ; Off                ; Off                ;
; Optimization Technique                                                     ; Balanced           ; Balanced           ;
; Carry Chain Length                                                         ; 70                 ; 70                 ;
; Auto Carry Chains                                                          ; On                 ; On                 ;
; Auto Open-Drain Pins                                                       ; On                 ; On                 ;
; Perform WYSIWYG Primitive Resynthesis                                      ; Off                ; Off                ;
; Auto ROM Replacement                                                       ; On                 ; On                 ;
; Auto RAM Replacement                                                       ; On                 ; On                 ;
; Auto DSP Block Replacement                                                 ; On                 ; On                 ;
; Auto Shift Register Replacement                                            ; Auto               ; Auto               ;
; Auto Clock Enable Replacement                                              ; On                 ; On                 ;
; Strict RAM Replacement                                                     ; Off                ; Off                ;
; Allow Synchronous Control Signals                                          ; On                 ; On                 ;
; Force Use of Synchronous Clear Signals                                     ; Off                ; Off                ;
; Auto RAM Block Balancing                                                   ; On                 ; On                 ;
; Auto RAM to Logic Cell Conversion                                          ; Off                ; Off                ;
; Auto Resource Sharing                                                      ; Off                ; Off                ;
; Allow Any RAM Size For Recognition                                         ; Off                ; Off                ;
; Allow Any ROM Size For Recognition                                         ; Off                ; Off                ;
; Allow Any Shift Register Size For Recognition                              ; Off                ; Off                ;
; Use LogicLock Constraints during Resource Balancing                        ; On                 ; On                 ;
; Ignore translate_off and synthesis_off directives                          ; Off                ; Off                ;
; Timing-Driven Synthesis                                                    ; Off                ; Off                ;
; Show Parameter Settings Tables in Synthesis Report                         ; On                 ; On                 ;
; Ignore Maximum Fan-Out Assignments                                         ; Off                ; Off                ;
; Synchronization Register Chain Length                                      ; 2                  ; 2                  ;
; PowerPlay Power Optimization                                               ; Normal compilation ; Normal compilation ;
; HDL message level                                                          ; Level2             ; Level2             ;
; Suppress Register Optimization Related Messages                            ; Off                ; Off                ;
; Number of Removed Registers Reported in Synthesis Report                   ; 5000               ; 5000               ;
; Number of Inverted Registers Reported in Synthesis Report                  ; 100                ; 100                ;
; Clock MUX Protection                                                       ; On                 ; On                 ;
; Auto Gated Clock Conversion                                                ; Off                ; Off                ;
; Block Design Naming                                                        ; Auto               ; Auto               ;
; SDC constraint protection                                                  ; Off                ; Off                ;
; Synthesis Effort                                                           ; Auto               ; Auto               ;
; Shift Register Replacement - Allow Asynchronous Clear Signal               ; On                 ; On                 ;
; Analysis & Synthesis Message Level                                         ; Medium             ; Medium             ;
; Disable Register Merging Across Hierarchies                                ; Auto               ; Auto               ;
; Resource Aware Inference For Block RAM                                     ; On                 ; On                 ;
+----------------------------------------------------------------------------+--------------------+--------------------+


Parallel compilation was disabled, but you have multiple processors available. Enable parallel compilation to reduce compilation time.
+-------------------------------------+
; Parallel Compilation                ;
+----------------------------+--------+
; Processors                 ; Number ;
+----------------------------+--------+
; Number detected on machine ; 2      ;
; Maximum allowed            ; 1      ;
+----------------------------+--------+


+--------------------------------------------------------------------------------------------------------------------------------------------------------------------+
; Analysis & Synthesis Source Files Read                                                                                                                             ;
+----------------------------------+-----------------+------------------------------------------+--------------------------------------------------------------------+
; File Name with User-Entered Path ; Used in Netlist ; File Type                                ; File Name with Absolute Path                                       ;
+----------------------------------+-----------------+------------------------------------------+--------------------------------------------------------------------+
; Block1.bdf                       ; yes             ; User Block Diagram/Schematic File        ; C:/users/murilo/햞ea de Trabalho/MemoriaPBL/Block1.bdf             ;
; memoriareg.bdf                   ; yes             ; Auto-Found Block Diagram/Schematic File  ; C:/users/murilo/햞ea de Trabalho/MemoriaPBL/memoriareg.bdf         ;
; altshift_taps.tdf                ; yes             ; Megafunction                             ; c:/altera/91sp2/quartus/libraries/megafunctions/altshift_taps.tdf  ;
; db/shift_taps_i4m.tdf            ; yes             ; Auto-Generated Megafunction              ; C:/users/murilo/햞ea de Trabalho/MemoriaPBL/db/shift_taps_i4m.tdf  ;
; db/altsyncram_8e81.tdf           ; yes             ; Auto-Generated Megafunction              ; C:/users/murilo/햞ea de Trabalho/MemoriaPBL/db/altsyncram_8e81.tdf ;
; db/cntr_7pf.tdf                  ; yes             ; Auto-Generated Megafunction              ; C:/users/murilo/햞ea de Trabalho/MemoriaPBL/db/cntr_7pf.tdf        ;
; db/cmpr_fdc.tdf                  ; yes             ; Auto-Generated Megafunction              ; C:/users/murilo/햞ea de Trabalho/MemoriaPBL/db/cmpr_fdc.tdf        ;
+----------------------------------+-----------------+------------------------------------------+--------------------------------------------------------------------+


+-------------------------------------------------------+
; Analysis & Synthesis Resource Usage Summary           ;
+-----------------------------------------------+-------+
; Resource                                      ; Usage ;
+-----------------------------------------------+-------+
; Estimated ALUTs Used                          ; 13    ;
; Dedicated logic registers                     ; 10    ;
;                                               ;       ;
; Estimated ALUTs Unavailable                   ; 1     ;
;                                               ;       ;
; Total combinational functions                 ; 13    ;
; Combinational ALUT usage by number of inputs  ;       ;
;     -- 7 input functions                      ; 0     ;
;     -- 6 input functions                      ; 1     ;
;     -- 5 input functions                      ; 1     ;
;     -- 4 input functions                      ; 0     ;
;     -- <=3 input functions                    ; 11    ;
;                                               ;       ;
; Combinational ALUTs by mode                   ;       ;
;     -- normal mode                            ; 3     ;
;     -- extended LUT mode                      ; 0     ;
;     -- arithmetic mode                        ; 10    ;
;     -- shared arithmetic mode                 ; 0     ;
;                                               ;       ;
; Estimated ALUT/register pairs used            ; 15    ;
;                                               ;       ;
; Total registers                               ; 10    ;
;     -- Dedicated logic registers              ; 10    ;
;     -- I/O registers                          ; 0     ;
;                                               ;       ;
; Estimated ALMs:  partially or completely used ; 8     ;
;                                               ;       ;
; I/O pins                                      ; 3     ;
; Total block memory bits                       ; 445   ;
; Maximum fan-out node                          ; CLOCK ;
; Maximum fan-out                               ; 11    ;
; Total fan-out                                 ; 79    ;
; Average fan-out                               ; 2.93  ;
+-----------------------------------------------+-------+


+--------------------------------------------------------------------------------------------------------------------------------------------------------------------------------------------------------------------------------------------------------------------------------------------------------+
; Analysis & Synthesis Resource Utilization by Entity                                                                                                                                                                                                                                                    ;
+-------------------------------------------+-------------------+--------------+-------------------+--------------+---------+-----------+-----------+------+--------------+---------------------------------------------------------------------------------------------------------------+--------------+
; Compilation Hierarchy Node                ; LC Combinationals ; LC Registers ; Block Memory Bits ; DSP Elements ; DSP 9x9 ; DSP 18x18 ; DSP 36x36 ; Pins ; Virtual Pins ; Full Hierarchy Name                                                                                           ; Library Name ;
+-------------------------------------------+-------------------+--------------+-------------------+--------------+---------+-----------+-----------+------+--------------+---------------------------------------------------------------------------------------------------------------+--------------+
; |Block1                                   ; 13 (1)            ; 10 (0)       ; 445               ; 0            ; 0       ; 0         ; 0         ; 3    ; 0            ; |Block1                                                                                                       ; work         ;
;    |memoriareg:inst|                      ; 12 (0)            ; 10 (1)       ; 445               ; 0            ; 0       ; 0         ; 0         ; 0    ; 0            ; |Block1|memoriareg:inst                                                                                       ; work         ;
;       |altshift_taps:inst5_rtl_0|         ; 12 (0)            ; 9 (0)        ; 445               ; 0            ; 0       ; 0         ; 0         ; 0    ; 0            ; |Block1|memoriareg:inst|altshift_taps:inst5_rtl_0                                                             ;              ;
;          |shift_taps_i4m:auto_generated|  ; 12 (0)            ; 9 (0)        ; 445               ; 0            ; 0       ; 0         ; 0         ; 0    ; 0            ; |Block1|memoriareg:inst|altshift_taps:inst5_rtl_0|shift_taps_i4m:auto_generated                               ;              ;
;             |altsyncram_8e81:altsyncram2| ; 0 (0)             ; 0 (0)        ; 445               ; 0            ; 0       ; 0         ; 0         ; 0    ; 0            ; |Block1|memoriareg:inst|altshift_taps:inst5_rtl_0|shift_taps_i4m:auto_generated|altsyncram_8e81:altsyncram2   ;              ;
;             |cntr_7pf:cntr1|              ; 12 (11)           ; 9 (9)        ; 0                 ; 0            ; 0       ; 0         ; 0         ; 0    ; 0            ; |Block1|memoriareg:inst|altshift_taps:inst5_rtl_0|shift_taps_i4m:auto_generated|cntr_7pf:cntr1                ;              ;
;                |cmpr_fdc:cmpr5|           ; 1 (1)             ; 0 (0)        ; 0                 ; 0            ; 0       ; 0         ; 0         ; 0    ; 0            ; |Block1|memoriareg:inst|altshift_taps:inst5_rtl_0|shift_taps_i4m:auto_generated|cntr_7pf:cntr1|cmpr_fdc:cmpr5 ;              ;
+-------------------------------------------+-------------------+--------------+-------------------+--------------+---------+-----------+-----------+------+--------------+---------------------------------------------------------------------------------------------------------------+--------------+
Note: For table entries with two numbers listed, the numbers in parentheses indicate the number of resources of the given type used by the specific entity alone. The numbers listed outside of parentheses indicate the total resources of the given type used by the specific entity and all of its sub-entities in the hierarchy.


+--------------------------------------------------------------------------------------------------------------------------------------------------------------------------------------------------------------------+
; Analysis & Synthesis RAM Summary                                                                                                                                                                                   ;
+----------------------------------------------------------------------------------------------------------------+------+------------------+--------------+--------------+--------------+--------------+------+------+
; Name                                                                                                           ; Type ; Mode             ; Port A Depth ; Port A Width ; Port B Depth ; Port B Width ; Size ; MIF  ;
+----------------------------------------------------------------------------------------------------------------+------+------------------+--------------+--------------+--------------+--------------+------+------+
; memoriareg:inst|altshift_taps:inst5_rtl_0|shift_taps_i4m:auto_generated|altsyncram_8e81:altsyncram2|ALTSYNCRAM ; AUTO ; Simple Dual Port ; 445          ; 1            ; 445          ; 1            ; 445  ; None ;
+----------------------------------------------------------------------------------------------------------------+------+------------------+--------------+--------------+--------------+--------------+------+------+


+------------------------------------------------------+
; General Register Statistics                          ;
+----------------------------------------------+-------+
; Statistic                                    ; Value ;
+----------------------------------------------+-------+
; Total registers                              ; 10    ;
; Number of registers using Synchronous Clear  ; 0     ;
; Number of registers using Synchronous Load   ; 9     ;
; Number of registers using Asynchronous Clear ; 0     ;
; Number of registers using Asynchronous Load  ; 0     ;
; Number of registers using Clock Enable       ; 0     ;
; Number of registers using Preset             ; 0     ;
+----------------------------------------------+-------+


+----------------------------------------------------------------------------------------------------------------------------+
; Source assignments for memoriareg:inst|altshift_taps:inst5_rtl_0|shift_taps_i4m:auto_generated|altsyncram_8e81:altsyncram2 ;
+---------------------------------+--------------------+------+--------------------------------------------------------------+
; Assignment                      ; Value              ; From ; To                                                           ;
+---------------------------------+--------------------+------+--------------------------------------------------------------+
; OPTIMIZE_POWER_DURING_SYNTHESIS ; NORMAL_COMPILATION ; -    ; -                                                            ;
+---------------------------------+--------------------+------+--------------------------------------------------------------+


+--------------------------------------------------------------------------------------------+
; Parameter Settings for Inferred Entity Instance: memoriareg:inst|altshift_taps:inst5_rtl_0 ;
+----------------+----------------+----------------------------------------------------------+
; Parameter Name ; Value          ; Type                                                     ;
+----------------+----------------+----------------------------------------------------------+
; WIDTH_BYTEENA  ; 1              ; Untyped                                                  ;
; NUMBER_OF_TAPS ; 1              ; Untyped                                                  ;
; TAP_DISTANCE   ; 447            ; Untyped                                                  ;
; WIDTH          ; 1              ; Untyped                                                  ;
; POWER_UP_STATE ; CLEARED        ; Untyped                                                  ;
; CBXI_PARAMETER ; shift_taps_i4m ; Untyped                                                  ;
+----------------+----------------+----------------------------------------------------------+
Note: In order to hide this table in the UI and the text report file, please set the "Show Parameter Settings Tables in Synthesis Report" option in "Analysis and Synthesis Settings -> More Settings" to "Off".


+------------------------------------------------------------------------+
; altshift_taps Parameter Settings by Entity Instance                    ;
+----------------------------+-------------------------------------------+
; Name                       ; Value                                     ;
+----------------------------+-------------------------------------------+
; Number of entity instances ; 1                                         ;
; Entity Instance            ; memoriareg:inst|altshift_taps:inst5_rtl_0 ;
;     -- NUMBER_OF_TAPS      ; 1                                         ;
;     -- TAP_DISTANCE        ; 447                                       ;
;     -- WIDTH               ; 1                                         ;
+----------------------------+-------------------------------------------+


+-------------------------------+
; Analysis & Synthesis Messages ;
+-------------------------------+
Info: *******************************************************************
Info: Running Quartus II Analysis & Synthesis
    Info: Version 9.1 Build 350 03/24/2010 Service Pack 2 SJ Web Edition
    Info: Processing started: Sun Apr 17 00:18:37 2016
Info: Command: quartus_map --read_settings_files=on --write_settings_files=off memoriaReg -c memoriaReg
Info: Found 1 design units, including 1 entities, in source file block1.bdf
    Info: Found entity 1: Block1
Info: Elaborating entity "Block1" for the top level hierarchy
Warning: Using design file memoriareg.bdf, which is not specified as a design file for the current project, but contains definitions for 1 design units and 1 entities in project
    Info: Found entity 1: memoriareg
Info: Elaborating entity "memoriareg" for hierarchy "memoriareg:inst13"
Info: Inferred 1 megafunctions from design logic
    Info: Inferred altshift_taps megafunction from the following design logic: "memoriareg:inst|inst5~0"
        Info: Parameter NUMBER_OF_TAPS set to 1
        Info: Parameter TAP_DISTANCE set to 447
        Info: Parameter WIDTH set to 1
Info: Elaborated megafunction instantiation "memoriareg:inst|altshift_taps:inst5_rtl_0"
Info: Instantiated megafunction "memoriareg:inst|altshift_taps:inst5_rtl_0" with the following parameter:
    Info: Parameter "NUMBER_OF_TAPS" = "1"
    Info: Parameter "TAP_DISTANCE" = "447"
    Info: Parameter "WIDTH" = "1"
Info: Found 1 design units, including 1 entities, in source file db/shift_taps_i4m.tdf
    Info: Found entity 1: shift_taps_i4m
Info: Found 1 design units, including 1 entities, in source file db/altsyncram_8e81.tdf
    Info: Found entity 1: altsyncram_8e81
Info: Found 1 design units, including 1 entities, in source file db/cntr_7pf.tdf
    Info: Found entity 1: cntr_7pf
Info: Found 1 design units, including 1 entities, in source file db/cmpr_fdc.tdf
    Info: Found entity 1: cmpr_fdc
Info: Implemented 18 device resources after synthesis - the final resource count might be different
    Info: Implemented 2 input pins
    Info: Implemented 1 output pins
    Info: Implemented 14 logic cells
    Info: Implemented 1 RAM segments
Info: Quartus II Analysis & Synthesis was successful. 0 errors, 1 warning
    Info: Peak virtual memory: 0 megabytes
    Info: Processing ended: Sun Apr 17 00:18:40 2016
    Info: Elapsed time: 00:00:03
    Info: Total CPU time (on all processors): 00:00:02


